make.exe all --print-data-base --no-builtin-variables --no-builtin-rules --question
makefile:30: warning: overriding recipe for target '.f90.o'
makefile:23: warning: ignoring old recipe for target '.f90.o'
makefile:32: warning: overriding recipe for target '.f.o'
makefile:25: warning: ignoring old recipe for target '.f.o'

# GNU Make 4.3
This program is built by Equation Solution <http://www.Equation.com>.
# Copyright (C) 1988-2020 Free Software Foundation, Inc.
# License GPLv3+: GNU GPL version 3 or later <http://gnu.org/licenses/gpl.html>
# This is free software: you are free to change and redistribute it.
# There is NO WARRANTY, to the extent permitted by law.

# Make data base, printed on Thu Aug 10 14:36:13 2023

# Variables

# environment
SYSTEMDRIVE = C:
# environment
LC_ALL = C
# environment
USERPROFILE = C:\Users\albpl
# environment
LOCALAPPDATA = C:\Users\albpl\AppData\Local
# environment
VSCODE_CRASH_REPORTER_PROCESS_TYPE = extensionHost
# environment
VSCODE_CWD = C:\Users\albpl\AppData\Local\Programs\Microsoft VS Code
# environment
SYSTEMROOT = C:\WINDOWS
# environment
PROCESSOR_LEVEL = 6
# environment
PSMODULEPATH = C:\Program Files\WindowsPowerShell\Modules;C:\WINDOWS\system32\WindowsPowerShell\v1.0\Modules
# default
MAKE_COMMAND := make.exe
# makefile (from 'makefile', line 3)
F90 = gfortran 
# automatic
@D = $(patsubst %/,%,$(patsubst %\,%,$(dir $@)))
# environment
CHROME_CRASHPAD_PIPE_NAME = \\.\pipe\LOCAL\crashpad_11600_QTSZZFSCUOPDACYN
# environment
VSCODE_HANDLES_UNCAUGHT_ERRORS = true
# default
.VARIABLES := 
# automatic
%D = $(patsubst %/,%,$(patsubst %\,%,$(dir $%)))
# automatic
^D = $(patsubst %/,%,$(patsubst %\,%,$(dir $^)))
# automatic
%F = $(notdir $%)
# environment
VSCODE_CODE_CACHE_PATH = C:\Users\albpl\AppData\Roaming\Code\CachedData\b3e4e68a0bc097f0ae7907b217c1119af9e03435
# environment
LANG = C
# makefile (from 'makefile', line 5)
CMPLFLG = -c -O3 -fbacktrace
# default
.LOADED := 
# environment
TMP = C:\Users\albpl\AppData\Local\Temp
# makefile
MAKEFLAGS = pqrR
# environment
ONEDRIVE = C:\Users\albpl\OneDrive
# makefile
CURDIR := c:/Users/albpl/OneDrive/Escritorio/Programing/Fortran/Multipole_Matlab_Subroutines/Multipole_Subroutine_Spheric2
# environment
APPLICATION_INSIGHTS_NO_DIAGNOSTIC_CHANNEL = 1
# automatic
*D = $(patsubst %/,%,$(patsubst %\,%,$(dir $*)))
# environment
PROGRAMFILES = C:\Program Files
# environment
MFLAGS = -pqrR
# default
.SHELLFLAGS := -c
# environment
COMMONPROGRAMW6432 = C:\Program Files\Common Files
# automatic
+D = $(patsubst %/,%,$(patsubst %\,%,$(dir $+)))
# makefile (from 'makefile', line 1)
MAKEFILE_LIST := Makefile
# automatic
@F = $(notdir $@)
# environment
VSCODE_PID = 11600
# automatic
?D = $(patsubst %/,%,$(patsubst %\,%,$(dir $?)))
# automatic
*F = $(notdir $*)
# automatic
<D = $(patsubst %/,%,$(patsubst %\,%,$(dir $<)))
# environment
VSCODE_NLS_CONFIG = {"locale":"en-us","osLocale":"en-us","availableLanguages":{},"_languagePackSupport":true}
# default
MAKE_HOST := x86_64-w64-mingw32
# makefile (from 'makefile', line 7)
OBJS = Multipoles.o LongRangePotential.o General_Coordinates_Format.o Coordinate_Transformation.o Index_Searcher.o Approx_1_Sph2.o Approx_2_Sph2.o Approx_3_Sph2.o Approx_4_Sph2.o Approx_5_Sph2.o Approx_6_Sph2.o Approx_7_Sph2.o Approx_8_Sph2.o Induction_4_Sph2.o  Induction_5_Sph2.o Induction_6_Sph2.o Induction_7_Sph2.o Induction_8_Sph2.o HyperPolarizability_6_Sph2.o HyperPolarizability_7_Sph2.o Dispersion_6_Sph2.o Dispersion_7_Sph2.o Dispersion_8_Sph2.o T_lk.o T_l0.o T_ll.o T_saved.o
# environment
PROGRAMDATA = C:\ProgramData
# default
SHELL := sh.exe
# environment
HOMEPATH = \Users\albpl
# default
MAKECMDGOALS := all
# environment
DRIVERDATA = C:\Windows\System32\Drivers\DriverData
# environment
COMSPEC = C:\WINDOWS\system32\cmd.exe
# environment
WINDIR = C:\WINDOWS
# environment
MAKELEVEL := 0
# default
MAKE = $(MAKE_COMMAND)
# environment
PATH = C:\Users\albpl\gcc\bin;C:\Users\albpl\gcc\libexec\gcc\x86_64-w64-mingw32\12.3.0;C:\WINDOWS\system32;C:\WINDOWS;C:\WINDOWS\System32\Wbem;C:\WINDOWS\System32\WindowsPowerShell\v1.0\;C:\WINDOWS\System32\OpenSSH\;C:\Program Files\MATLAB\R2023a\runtime\win64;C:\Program Files\MATLAB\R2023a\bin;C:\Program Files\Git\cmd;C:\Program Files\Notepad++;C:\Program Files\Perforce\;C:\Users\albpl\AppData\Local\Microsoft\WindowsApps;;C:\Users\albpl\AppData\Local\Programs\Microsoft VS Code\bin
# environment
ZES_ENABLE_SYSMAN = 1
# environment
COMPUTERNAME = ADRIANHOME
# default
MAKEFILES := 
# automatic
^F = $(notdir $^)
# environment
PROMPT = $P$G
# environment
LOGONSERVER = \\ADRIANHOME
# environment
USERNAME = albpl
# environment
COMMONPROGRAMFILES = C:\Program Files\Common Files
# automatic
?F = $(notdir $?)
# environment
PROGRAMW6432 = C:\Program Files
# environment
PATHEXT = .COM;.EXE;.BAT;.CMD;.VBS;.VBE;.JS;.JSE;.WSF;.WSH;.MSC
# automatic
+F = $(notdir $+)
# environment
EFC_8480 = 1
# environment
ORIGINAL_XDG_CURRENT_DESKTOP = undefined
# environment
USERDOMAIN = ADRIANHOME
# 'override' directive
GNUMAKEFLAGS := 
# environment
OS = Windows_NT
# makefile
.DEFAULT_GOAL := all
# default
MAKE_VERSION := 4.3
# environment
PROGRAMFILES(X86) = C:\Program Files (x86)
# environment
USERDOMAIN_ROAMINGPROFILE = ADRIANHOME
# environment
NUMBER_OF_PROCESSORS = 12
# environment
PUBLIC = C:\Users\Public
# environment
APPDATA = C:\Users\albpl\AppData\Roaming
# environment
HOMEDRIVE = C:
# environment
PROCESSOR_ARCHITECTURE = AMD64
# environment
VSCODE_AMD_ENTRYPOINT = vs/workbench/api/node/extensionHostProcess
# environment
COMMONPROGRAMFILES(X86) = C:\Program Files (x86)\Common Files
# environment
ELECTRON_RUN_AS_NODE = 1
# environment
TEMP = C:\Users\albpl\AppData\Local\Temp
# environment
VSCODE_IPC_HOOK = \\.\pipe\20b35779bc865d0a2a90d94fba954b5b-1.78.2-main-sock
# default
.RECIPEPREFIX := 
# automatic
<F = $(notdir $<)
# environment
VSCODE_CRASH_REPORTER_SANDBOXED_HINT = 1
# default
SUFFIXES := 
# environment
ALLUSERSPROFILE = C:\ProgramData
# environment
SESSIONNAME = Console
# makefile (from 'makefile', line 8)
OBJS_Test = test.o LongRangePotential.o General_Coordinates_Format.o Coordinate_Transformation.o Index_Searcher.o Approx_1_Sph2.o Approx_2_Sph2.o Approx_3_Sph2.o Approx_4_Sph2.o Approx_5_Sph2.o Approx_6_Sph2.o Approx_7_Sph2.o Approx_8_Sph2.o Induction_4_Sph2.o  Induction_5_Sph2.o Induction_6_Sph2.o Induction_7_Sph2.o Induction_8_Sph2.o HyperPolarizability_6_Sph2.o HyperPolarizability_7_Sph2.o Dispersion_6_Sph2.o Dispersion_7_Sph2.o Dispersion_8_Sph2.o T_lk.o T_l0.o T_ll.o T_saved.o
# default
.FEATURES := target-specific order-only second-expansion else-if shortest-stem undefine oneshell nocomment grouped-target extra-prereqs archives jobserver output-sync load
# environment
PROCESSOR_REVISION = 9e0a
# environment
PROCESSOR_IDENTIFIER = Intel64 Family 6 Model 158 Stepping 10, GenuineIntel
# variable set hash-table stats:
# Load=93/1024=9%, Rehash=0, Collisions=7/128=5%

# Pattern-specific Variable Values

# No pattern-specific variable values.

# Directories

# . (key c:/Users/albpl/OneDrive/Escritorio/Programing/Fortran/Multipole_Matlab_Subroutines/Multipole_Subroutine_Spheric2, mtime 1691463947): 65 files, no impossibilities.

# 65 files, no impossibilities in 1 directories.

# Implicit Rules

%.f:

%.o: %.f
#  recipe to execute (from 'makefile', line 32):
	$(F90) $(CMPLFLG) $<

%.f90:

%.o: %.f90
#  recipe to execute (from 'makefile', line 30):
	$(F90) $(CMPLFLG) $<

%.o:

# 5 implicit rules, 0 (0.0%) terminal.
# Files

# Not a target:
Approx_2_Sph2.f90:
#  Implicit rule search has been done.
#  Last modified 2023-01-29 12:03:03
#  File has been updated.
#  Successfully updated.

build-run-test: test.o LongRangePotential.o General_Coordinates_Format.o Coordinate_Transformation.o Index_Searcher.o Approx_1_Sph2.o Approx_2_Sph2.o Approx_3_Sph2.o Approx_4_Sph2.o Approx_5_Sph2.o Approx_6_Sph2.o Approx_7_Sph2.o Approx_8_Sph2.o Induction_4_Sph2.o Induction_5_Sph2.o Induction_6_Sph2.o Induction_7_Sph2.o Induction_8_Sph2.o HyperPolarizability_6_Sph2.o HyperPolarizability_7_Sph2.o Dispersion_6_Sph2.o Dispersion_7_Sph2.o Dispersion_8_Sph2.o T_lk.o T_l0.o T_ll.o T_saved.o
#  Implicit rule search has not been done.
#  Modification time never checked.
#  File has not been updated.
#  recipe to execute (from 'makefile', line 16):
	$(F90) $(OBJS_Test) -o ejec_test.x
	./ejec_test.x

# Not a target:
Induction_4_Sph2.f90:
#  Implicit rule search has been done.
#  Last modified 2023-01-29 12:48:25
#  File has been updated.
#  Successfully updated.

.f90.o:
#  Implicit rule search has not been done.
#  Modification time never checked.
#  File has not been updated.
#  recipe to execute (from 'makefile', line 30):
	$(F90) $(CMPLFLG) $<

Coordinate_Transformation.o: Coordinate_Transformation.f90
#  Implicit rule search has been done.
#  Implicit/static pattern stem: 'Coordinate_Transformation'
#  Last modified 2023-08-07 21:42:43
#  File has been updated.
#  Successfully updated.
#  recipe to execute (from 'makefile', line 30):
	$(F90) $(CMPLFLG) $<

# Not a target:
T_l0.f90:
#  Implicit rule search has been done.
#  Last modified 2022-10-25 14:55:53
#  File has been updated.
#  Successfully updated.

# Not a target:
HyperPolarizability_7_Sph2.f90:
#  Implicit rule search has been done.
#  Last modified 2022-10-29 16:07:32
#  File has been updated.
#  Successfully updated.

all: Multipoles.o LongRangePotential.o General_Coordinates_Format.o Coordinate_Transformation.o Index_Searcher.o Approx_1_Sph2.o Approx_2_Sph2.o Approx_3_Sph2.o Approx_4_Sph2.o Approx_5_Sph2.o Approx_6_Sph2.o Approx_7_Sph2.o Approx_8_Sph2.o Induction_4_Sph2.o Induction_5_Sph2.o Induction_6_Sph2.o Induction_7_Sph2.o Induction_8_Sph2.o HyperPolarizability_6_Sph2.o HyperPolarizability_7_Sph2.o Dispersion_6_Sph2.o Dispersion_7_Sph2.o Dispersion_8_Sph2.o T_lk.o T_l0.o T_ll.o T_saved.o
#  Command line target.
#  Implicit rule search has not been done.
#  Implicit/static pattern stem: ''
#  File does not exist.
#  File has been updated.
#  Needs to be updated (-q is set).
# automatic
# @ := all
# automatic
# * := 
# automatic
# < := Multipoles.o
# automatic
# + := Multipoles.o LongRangePotential.o General_Coordinates_Format.o Coordinate_Transformation.o Index_Searcher.o Approx_1_Sph2.o Approx_2_Sph2.o Approx_3_Sph2.o Approx_4_Sph2.o Approx_5_Sph2.o Approx_6_Sph2.o Approx_7_Sph2.o Approx_8_Sph2.o Induction_4_Sph2.o Induction_5_Sph2.o Induction_6_Sph2.o Induction_7_Sph2.o Induction_8_Sph2.o HyperPolarizability_6_Sph2.o HyperPolarizability_7_Sph2.o Dispersion_6_Sph2.o Dispersion_7_Sph2.o Dispersion_8_Sph2.o T_lk.o T_l0.o T_ll.o T_saved.o
# automatic
# % := 
# automatic
# ^ := Multipoles.o LongRangePotential.o General_Coordinates_Format.o Coordinate_Transformation.o Index_Searcher.o Approx_1_Sph2.o Approx_2_Sph2.o Approx_3_Sph2.o Approx_4_Sph2.o Approx_5_Sph2.o Approx_6_Sph2.o Approx_7_Sph2.o Approx_8_Sph2.o Induction_4_Sph2.o Induction_5_Sph2.o Induction_6_Sph2.o Induction_7_Sph2.o Induction_8_Sph2.o HyperPolarizability_6_Sph2.o HyperPolarizability_7_Sph2.o Dispersion_6_Sph2.o Dispersion_7_Sph2.o Dispersion_8_Sph2.o T_lk.o T_l0.o T_ll.o T_saved.o
# automatic
# ? := Multipoles.o LongRangePotential.o General_Coordinates_Format.o Coordinate_Transformation.o Index_Searcher.o Approx_1_Sph2.o Approx_2_Sph2.o Approx_3_Sph2.o Approx_4_Sph2.o Approx_5_Sph2.o Approx_6_Sph2.o Approx_7_Sph2.o Approx_8_Sph2.o Induction_4_Sph2.o Induction_5_Sph2.o Induction_6_Sph2.o Induction_7_Sph2.o Induction_8_Sph2.o HyperPolarizability_6_Sph2.o HyperPolarizability_7_Sph2.o Dispersion_6_Sph2.o Dispersion_7_Sph2.o Dispersion_8_Sph2.o T_lk.o T_l0.o T_ll.o T_saved.o
# automatic
# | := 
# variable set hash-table stats:
# Load=8/32=25%, Rehash=0, Collisions=1/13=8%
#  recipe to execute (from 'makefile', line 11):
	$(F90) $(OBJS) -o ejec.x

# Not a target:
.o:
#  Implicit rule search has not been done.
#  Modification time never checked.
#  File has not been updated.

# Not a target:
Approx_4_Sph2.f90:
#  Implicit rule search has been done.
#  Last modified 2022-10-21 14:42:30
#  File has been updated.
#  Successfully updated.

Approx_2_Sph2.o: Approx_2_Sph2.f90
#  Implicit rule search has been done.
#  Implicit/static pattern stem: 'Approx_2_Sph2'
#  Last modified 2023-08-07 21:42:44
#  File has been updated.
#  Successfully updated.
#  recipe to execute (from 'makefile', line 30):
	$(F90) $(CMPLFLG) $<

# Not a target:
HyperPolarizability_6_Sph2.f90:
#  Implicit rule search has been done.
#  Last modified 2022-10-27 15:16:03
#  File has been updated.
#  Successfully updated.

Induction_4_Sph2.o: Induction_4_Sph2.f90
#  Implicit rule search has been done.
#  Implicit/static pattern stem: 'Induction_4_Sph2'
#  Last modified 2023-08-07 21:42:45
#  File has been updated.
#  Successfully updated.
#  recipe to execute (from 'makefile', line 30):
	$(F90) $(CMPLFLG) $<

# Not a target:
.DEFAULT:
#  Implicit rule search has not been done.
#  Modification time never checked.
#  File has not been updated.

# Not a target:
Dispersion_8_Sph2.f90:
#  Implicit rule search has been done.
#  Last modified 2022-11-11 14:34:04
#  File has been updated.
#  Successfully updated.

T_l0.o: T_l0.f90
#  Implicit rule search has been done.
#  Implicit/static pattern stem: 'T_l0'
#  Last modified 2023-08-07 21:42:47
#  File has been updated.
#  Successfully updated.
#  recipe to execute (from 'makefile', line 30):
	$(F90) $(CMPLFLG) $<

HyperPolarizability_7_Sph2.o: HyperPolarizability_7_Sph2.f90
#  Implicit rule search has been done.
#  Implicit/static pattern stem: 'HyperPolarizability_7_Sph2'
#  Last modified 2023-08-07 21:42:46
#  File has been updated.
#  Successfully updated.
#  recipe to execute (from 'makefile', line 30):
	$(F90) $(CMPLFLG) $<

Approx_4_Sph2.o: Approx_4_Sph2.f90
#  Implicit rule search has been done.
#  Implicit/static pattern stem: 'Approx_4_Sph2'
#  Last modified 2023-08-07 21:42:44
#  File has been updated.
#  Successfully updated.
#  recipe to execute (from 'makefile', line 30):
	$(F90) $(CMPLF 
LG) $<

# Not a target:
Index_Searcher.f90:
#  Implicit rule search has been done.
#  Last modified 2023-01-29 15:28:06
#  File has been updated.
#  Successfully updated.

# Not a target:
T_saved.f90:
#  Implicit rule search has been done.
#  Last modified 2023-01-29 09:20:14
#  File has been updated.
#  Successfully updated.

HyperPolarizability_6_Sph2.o: HyperPolarizability_6_Sph2.f90
#  Implicit rule search has been done.
#  Implicit/static pattern stem: 'HyperPolarizability_6_Sph2'
#  Last modified 2023-08-07 21:42:46
#  File has been updated.
#  Successfully updated.
#  recipe to execute (from 'makefile', line 30):
	$(F90) $(CMPLFLG) $<

# Not a target:
Induction_8_Sph2.f90:
#  Implicit rule search has been done.
#  Last modified 2022-10-29 13:44:52
#  File has been updated.
#  Successfully updated.

test.o:
#  Implicit rule search has not been done.
#  Modification time never checked.
#  File has not been updated.

# Not a target:
Dispersion_7_Sph2.f90:
#  Implicit rule search has been done.
#  Last modified 2022-10-29 16:11:37
#  File has been updated.
#  Successfully updated.

Dispersion_8_Sph2.o: Dispersion_8_Sph2.f90
#  Implicit rule search has been done.
#  Implicit/static pattern stem: 'Dispersion_8_Sph2'
#  Last modified 2023-08-07 21:42:47
#  File has been updated.
#  Successfully updated.
#  recipe to execute (from 'makefile', line 30):
	$(F90) $(CMPLFLG) $<

# Not a target:
Multipoles.f90:
#  Implicit rule search has been done.
#  Last modified 2023-08-07 21:51:14
#  File has been updated.
#  Successfully updated.

# Not a target:
Makefile:
#  Implicit rule search has been done.
#  Last modified 2023-08-07 21:54:59
#  File has been updated.
#  Successfully updated.

# Not a target:
Approx_3_Sph2.f90:
#  Implicit rule search has been done.
#  Last modified 2022-10-28 15:30:21
#  File has been updated.
#  Successfully updated.

# Not a target:
Approx_8_Sph2.f90:
#  Implicit rule search has been done.
#  Last modified 2022-10-25 14:55:17
#  File has been updated.
#  Successfully updated.

T_ll.o: T_ll.f90
#  Implicit rule search has been done.
#  Implicit/static pattern stem: 'T_ll'
#  Last modified 2023-08-07 21:42:47
#  File has been updated.
#  Successfully updated.
#  recipe to execute (from 'makefile', line 30):
	$(F90) $(CMPLFLG) $<

# Not a target:
Dispersion_6_Sph2.f90:
#  Implicit rule search has been done.
#  Last modified 2022-10-27 15:36:52
#  File has been updated.
#  Successfully updated.

Index_Searcher.o: Index_Searcher.f90
#  Implicit rule search has been done.
#  Implicit/static pattern stem: 'Index_Searcher'
#  Last modified 2023-08-07 21:42:44
#  File has been updated.
#  Successfully updated.
#  recipe to execute (from 'makefile', line 30):
	$(F90) $(CMPLFLG) $<

T_saved.o: T_saved.f90
#  Implicit rule search has been done.
#  Implicit/static pattern stem: 'T_saved'
#  Last modified 2023-08-07 21:42:47
#  File has been updated.
#  Successfully updated.
#  recipe to execute (from 'makefile', line 30):
	$(F90) $(CMPLFLG) $<

# Not a target:
Induction_7_Sph2.f90:
#  Implicit rule search has been done.
#  Last modified 2023-01-29 15:33:26
#  File has been updated.
#  Successfully updated.

Induction_8_Sph2.o: Induction_8_Sph2.f90
#  Implicit rule search has been done.
#  Implicit/static pattern stem: 'Induction_8_Sph2'
#  Last modified 2023-08-07 21:42:46
#  File has been updated.
#  Successfully updated.
#  recipe to execute (from 'makefile', line 30):
	$(F90) $(CMPLFLG) $<

# Not a target:
General_Coordinates_Format.f90:
#  Implicit rule search has been done.
#  Last modified 2022-11-25 12:07:45
#  File has been updated.
#  Successfully updated.

Dispersion_7_Sph2.o: Dispersion_7_Sph2.f90
#  Implicit rule search has been done.
#  Implicit/static pattern stem: 'Dispersion_7_Sph2'
#  Last modified 2023-08-07 21:42:46
#  File has been updated.
#  Successfully updated.
#  recipe to execute (from 'makefile', line 30):
	$(F90) $(CMPLFLG) $<

Multipoles.o: Multipoles.f90
#  Implicit rule search has been done.
#  Implicit/static pattern stem: 'Multipoles'
#  Last modified 2023-08-07 21:51:18
#  File has been updated.
#  Successfully updated.
#  recipe to execute (from 'makefile', line 30):
	$(F90) $(CMPLFLG) $<

# Not a target:
Induction_6_Sph2.f90:
#  Implicit rule search has been done.
#  Last modified 2023-01-29 13:10:04
#  File has been updated.
#  Successfully updated.

T_lk.o: T_lk.f90
#  Implicit rule search has been done.
#  Implicit/static pattern stem: 'T_lk'
#  Last modified 2023-08-07 21:42:47
#  File has been updated.
#  Successfully updated.
#  recipe to execute (from 'makefile', line 30):
	$(F90) $(CMPLFLG) $<

Approx_3_Sph2.o: Approx_3_Sph2.f90
#  Implicit rule search has been done.
#  Implicit/static pattern stem: 'Approx_3_Sph2'
#  Last modified 2023-08-07 21:42:44
#  File has been updated.
#  Successfully updated.
#  recipe to execute (from 'makefile', line 30):
	$(F90) $(CMPLFLG) $<

# Not a target:
Approx_7_Sph2.f90:
#  Implicit rule search has been done.
#  Last modified 2022-10-21 14:53:51
#  File has been updated.
#  Successfully updated.

Approx_8_Sph2.o: Approx_8_Sph2.f90
#  Implicit rule search has been done.
#  Implicit/static pattern stem: 'Approx_8_Sph2'
#  Last modified 2023-08-07 21:42:44
#  File has been updated.
#  Successfully updated.
#  recipe to execute (from 'makefile', line 30):
	$(F90) $(CMPLFLG) $<

# Not a target:
Induction_5_Sph2.f90:
#  Implicit rule search has been done.
#  Last modified 2023-01-29 12:57:20
#  File has been updated.
#  Successfully updated.

Dispersion_6_Sph2.o: Dispersion_6_Sph2.f90
#  Implicit rule search has been done.
#  Implicit/static pattern stem: 'Dispersion_6_Sph2'
#  Last modified 2023-08-07 21:42:46
#  File has been updated.
#  Successfully updated.
#  recipe to execute (from 'makefile', line 30):
	$(F90) $(CMPLFLG) $<

.SUFFIXES: .f .f90 .o
#  Implicit rule search has not been done.
#  Modification time never checked.
#  File has not been updated.

Induction_7_Sph2.o: Induction_7_Sph2.f90
#  Implicit rule search has been done.
#  Implicit/static pattern stem: 'Induction_7_Sph2'
#  Last modified 2023-08-07 21:42:45
#  File has been updated.
#  Successfully updated.
#  recipe to execute (from 'makefile', line 30):
	$(F90) $(CMPLFLG) $<

# Not a target:
Approx_6_Sph2.f90:
#  Implicit rule search has been done.
#  Last modified 2022-10-28 22:26:21
#  File has been updated.
#  Successfully updated.

# Not a target:
T_ll.f90:
#  Implicit rule search has been done.
#  Last modified 2022-11-11 14:34:01
#  File has been updated.
#  Successfully updated.

General_Coordinates_Format.o: General_Coordinates_Format.f90
#  Implicit rule search has been done.
#  Implicit/static pattern stem: 'General_Coordinates_Format'
#  Last modified 2023-08-07 21:42:43
#  File has been updated.
#  Successfully updated.
#  recipe to execute (from 'makefile', line 30):
	$(F90) $(CMPLFLG) $<

# Not a target:
Approx_5_Sph2.f90:
#  Implicit rule search has been done.
#  Last modified 2023-01-29 08:44:43
#  File has been updated.
#  Successfully updated.

Induction_6_Sph2.o: Induction_6_Sph2.f90
#  Implicit rule search has been done.
#  Implicit/static pattern stem: 'Induction_6_Sph2'
#  Last modified 2023-08-07 21:42:45
#  File has been updated.
#  Successfully updated.
#  recipe to execute (from 'makefile', line 30):
	$(F90) $(CMPLFLG) $<

Approx_7_Sph2.o: Approx_7_Sph2.f90
#  Implicit rule search has been done.
#  Implicit/static pattern stem: 'Approx_7_Sph2'
#  Last modified 2023-08-07 21:42:44
#  File has been updated.
#  Successfully updated.
#  recipe to execute (from 'makefile', line 30):
	$(F90) $(CMPLFLG) $<

Induction_5_Sph2.o: Induction_5_Sph2.f90
#  Implicit rule search has been done.
#  Implicit/static pattern stem: 'Induction_5_Sph2'
#  Last modified 2023-08-07 21:42:45
#  File has been updated.
#  Successfully updated.
#  recipe to execute (from 'makefile', line 30):
	$(F90) $(CMPLFLG) $<

# Not a target:
T_lk.f90:
#  Implicit rule search has been done.
#  Last modified 2023-01-29 09:17:47
#  File has been updated.
#  Successfully updated.

Approx_6_Sph2.o: Approx_6_Sph2.f90
#  Implicit rule search has been done.
#  Implicit/static pattern stem: 'Approx_6_Sph2'
#  Last modified 2023-08-07 21:42:44
#  File has been updated.
#  Successfully updated.
#  recipe to execute (from 'makefile', line 30):
	$(F90) $(CMPLFLG) $<

# Not a target:
LongRangePotential.f90:
#  Implicit rule search has been done.
#  Last modified 2023-05-05 15:12:30
#  File has been updated.
#  Successfully updated.

Approx_5_Sph2.o: Approx_5_Sph2.f90
#  Implicit rule search has been done.
#  Implicit/static pattern stem: 'Approx_5_Sph2'
#  Last modified 2023-08-07 21:42:44
#  File has been updated.
#  Successfully updated.
#  recipe to execute (from 'makefile', line 30):
	$(F90) $(CMPLFLG) $<

# Not a target:
Approx_1_Sph2.f90:
#  Implicit rule search has been done.
#  Last modified 2022-10-20 16:39:35
#  File has been updated.
#  Successfully updated.

LongRangePotential.o: LongRangePotential.f90
#  Implicit rule search has been done.
#  Implicit/static pattern stem: 'LongRangePotential'
#  Last modified 2023-08-07 21:42:43
#  File has been updated.
#  Successfully updated.
#  recipe to execute (from 'makefile', line 30):
	$(F90) $(CMPLFLG) $<

# Not a target:
Coordinate_Transformation.f90:
#  Implicit rule search has been done.
#  Last modified 2022-12-25 01:13:04
#  File has been updated.
#  Successfully updated.

Approx_1_Sph2.o: Approx_1_Sph2.f90
#  Implicit rule search has been done.
#  Implicit/static pattern stem: 'Approx_1_Sph2'
#  Last modified 2023-08-07 21:42:44
#  File has been updated.
#  Successfully updated.
#  recipe to execute (from 'makefile', line 30):
	$(F90) $(CMPLFLG) $<

# Not a target:
.f:
#  Implicit rule search has not been done.
#  Modification time never checked.
#  File has not been updated.

# Not a target:
.f90:
#  Implicit rule search has not been done.
#  Modification time never checked.
#  File has not been updated.

.f.o:
#  Implicit rule search has not been done.
#  Modification time never checked.
#  File has not been updated.
#  recipe to execute (from 'makefile', line 32):
	$(F90) $(CMPLFLG) $<

# files hash-table stats:
# Load=65/1024=6%, Rehash=0, Collisions=48/305=16%
# VPATH Search Paths

# No 'vpath' search paths.

# No general ('VPATH' variable) search path.

# strcache buffers: 1 (0) / strings = 131 / storage = 2093 B / avg = 15 B
# current buf: size = 8162 B / used = 2093 B / count = 131 / avg = 15 B

# strcache performance: lookups = 366 / hit rate = 64%
# hash-table stats:
# Load=131/8192=2%, Rehash=0, Collisions=21/366=6%
# Finished Make data base on Thu Aug 10 14:36:13 2023

 
